<?xml version="1.0" encoding="UTF-8"?>
<!-- Generated by org.testng.reporters.JUnitXMLReporter -->
<testsuite ignored="0" hostname="WIN-2C8N3BBE1O1" failures="0" tests="4" name="Default test" time="6.369" errors="0" timestamp="2023-08-10T16:27:23 SGT">
  <testcase classname="FunctionalTesting.Login" name="login" time="0.283"/>
  <testcase classname="FunctionalTesting.Login" name="login" time="0.265"/>
  <testcase classname="FunctionalTesting.Login" name="login" time="0.271"/>
  <testcase classname="FunctionalTesting.Login" name="login" time="0.272"/>
</testsuite> <!-- Default test -->
