<?xml version="1.0" encoding="UTF-8"?>
<!-- Generated by org.testng.reporters.JUnitXMLReporter -->
<testsuite ignored="9" hostname="WIN-2C8N3BBE1O1" failures="0" tests="1" name="Default test" time="4.672" errors="0" timestamp="2023-08-10T15:34:46 SGT">
  <testcase classname="FunctionalTesting.AllFunctionSD" name="AddtoCart" time="0.304"/>
  <testcase classname="FunctionalTesting.AllFunctionSD" name="validateRemovedProductsFromCart" time="0.0">
    <ignored/>
  </testcase> <!-- validateRemovedProductsFromCart -->
  <testcase classname="FunctionalTesting.AllFunctionSD" name="BackHome" time="0.0">
    <ignored/>
  </testcase> <!-- BackHome -->
  <testcase classname="FunctionalTesting.AllFunctionSD" name="Cancel" time="0.0">
    <ignored/>
  </testcase> <!-- Cancel -->
  <testcase classname="FunctionalTesting.AllFunctionSD" name="DescendingPrice" time="0.0">
    <ignored/>
  </testcase> <!-- DescendingPrice -->
  <testcase classname="FunctionalTesting.AllFunctionSD" name="Product" time="0.0">
    <ignored/>
  </testcase> <!-- Product -->
  <testcase classname="FunctionalTesting.AllFunctionSD" name="ascendingPrice" time="0.0">
    <ignored/>
  </testcase> <!-- ascendingPrice -->
  <testcase classname="FunctionalTesting.AllFunctionSD" name="sortZtoA" time="0.0">
    <ignored/>
  </testcase> <!-- sortZtoA -->
  <testcase classname="FunctionalTesting.AllFunctionSD" name="sortAtoZ" time="0.0">
    <ignored/>
  </testcase> <!-- sortAtoZ -->
  <testcase classname="FunctionalTesting.AllFunctionSD" name="Finish" time="0.0">
    <ignored/>
  </testcase> <!-- Finish -->
</testsuite> <!-- Default test -->
