<?xml version="1.0" encoding="UTF-8"?>
<testng-results ignored="9" total="10" passed="1" failed="0" skipped="0">
  <reporter-output>
  </reporter-output>
  <suite started-at="2023-08-10T15:34:42 SGT" name="Default suite" finished-at="2023-08-10T15:34:46 SGT" duration-ms="4672">
    <groups>
    </groups>
    <test started-at="2023-08-10T15:34:42 SGT" name="Default test" finished-at="2023-08-10T15:34:46 SGT" duration-ms="4672">
      <class name="FunctionalTesting.AllFunctionSD">
        <test-method is-config="true" signature="Base()[pri:0, instance:FunctionalTesting.AllFunctionSD@741a8937]" started-at="2023-08-10T15:34:42 SGT" name="Base" finished-at="2023-08-10T15:34:46 SGT" duration-ms="4043" status="PASS">
          <reporter-output>
          </reporter-output>
        </test-method> <!-- Base -->
        <test-method is-config="true" signature="cred()[pri:0, instance:FunctionalTesting.AllFunctionSD@741a8937]" started-at="2023-08-10T15:34:46 SGT" name="cred" finished-at="2023-08-10T15:34:46 SGT" duration-ms="192" status="PASS">
          <reporter-output>
          </reporter-output>
        </test-method> <!-- cred -->
        <test-method signature="AddtoCart()[pri:0, instance:FunctionalTesting.AllFunctionSD@741a8937]" started-at="2023-08-10T15:34:46 SGT" name="AddtoCart" finished-at="2023-08-10T15:34:46 SGT" duration-ms="304" status="PASS">
          <reporter-output>
          </reporter-output>
        </test-method> <!-- AddtoCart -->
        <test-method is-config="true" signature="afterme()[pri:0, instance:FunctionalTesting.AllFunctionSD@741a8937]" started-at="2023-08-10T15:34:46 SGT" name="afterme" finished-at="2023-08-10T15:34:46 SGT" duration-ms="105" status="PASS">
          <reporter-output>
          </reporter-output>
        </test-method> <!-- afterme -->
      </class> <!-- FunctionalTesting.AllFunctionSD -->
    </test> <!-- Default test -->
  </suite> <!-- Default suite -->
</testng-results>
