<?xml version="1.0" encoding="UTF-8"?>
<testng-results ignored="0" total="4" passed="4" failed="0" skipped="0">
  <reporter-output>
  </reporter-output>
  <suite started-at="2023-08-10T16:27:17 SGT" name="Default suite" finished-at="2023-08-10T16:27:23 SGT" duration-ms="6369">
    <groups>
    </groups>
    <test started-at="2023-08-10T16:27:17 SGT" name="Default test" finished-at="2023-08-10T16:27:23 SGT" duration-ms="6369">
      <class name="FunctionalTesting.Login">
        <test-method is-config="true" signature="Base()[pri:0, instance:FunctionalTesting.Login@3b6ddd1d]" started-at="2023-08-10T16:27:17 SGT" name="Base" finished-at="2023-08-10T16:27:19 SGT" duration-ms="1829" status="PASS">
          <reporter-output>
          </reporter-output>
        </test-method> <!-- Base -->
        <test-method signature="login(java.lang.String,java.lang.String)[pri:0, instance:FunctionalTesting.Login@3b6ddd1d]" started-at="2023-08-10T16:27:19 SGT" name="login" data-provider="dataset1" finished-at="2023-08-10T16:27:19 SGT" duration-ms="283" status="PASS">
          <params>
            <param index="0">
              <value>
                <![CDATA[standard_user]]>
              </value>
            </param>
            <param index="1">
              <value>
                <![CDATA[secret_sauce]]>
              </value>
            </param>
          </params>
          <reporter-output>
          </reporter-output>
        </test-method> <!-- login -->
        <test-method is-config="true" signature="afterme()[pri:0, instance:FunctionalTesting.Login@3b6ddd1d]" started-at="2023-08-10T16:27:19 SGT" name="afterme" finished-at="2023-08-10T16:27:19 SGT" duration-ms="0" status="PASS">
          <reporter-output>
          </reporter-output>
        </test-method> <!-- afterme -->
        <test-method is-config="true" signature="Base()[pri:0, instance:FunctionalTesting.Login@3b6ddd1d]" started-at="2023-08-10T16:27:19 SGT" name="Base" finished-at="2023-08-10T16:27:20 SGT" duration-ms="1058" status="PASS">
          <reporter-output>
          </reporter-output>
        </test-method> <!-- Base -->
        <test-method signature="login(java.lang.String,java.lang.String)[pri:0, instance:FunctionalTesting.Login@3b6ddd1d]" started-at="2023-08-10T16:27:20 SGT" name="login" data-provider="dataset1" finished-at="2023-08-10T16:27:20 SGT" duration-ms="265" status="PASS">
          <params>
            <param index="0">
              <value>
                <![CDATA[standard_user]]>
              </value>
            </param>
            <param index="1">
              <value>
                <![CDATA[invalid_pass]]>
              </value>
            </param>
          </params>
          <reporter-output>
          </reporter-output>
        </test-method> <!-- login -->
        <test-method is-config="true" signature="Base()[pri:0, instance:FunctionalTesting.Login@3b6ddd1d]" started-at="2023-08-10T16:27:20 SGT" name="Base" finished-at="2023-08-10T16:27:21 SGT" duration-ms="1022" status="PASS">
          <reporter-output>
          </reporter-output>
        </test-method> <!-- Base -->
        <test-method is-config="true" signature="afterme()[pri:0, instance:FunctionalTesting.Login@3b6ddd1d]" started-at="2023-08-10T16:27:20 SGT" name="afterme" finished-at="2023-08-10T16:27:20 SGT" duration-ms="0" status="PASS">
          <reporter-output>
          </reporter-output>
        </test-method> <!-- afterme -->
        <test-method signature="login(java.lang.String,java.lang.String)[pri:0, instance:FunctionalTesting.Login@3b6ddd1d]" started-at="2023-08-10T16:27:21 SGT" name="login" data-provider="dataset1" finished-at="2023-08-10T16:27:21 SGT" duration-ms="271" status="PASS">
          <params>
            <param index="0">
              <value>
                <![CDATA[invalid_User]]>
              </value>
            </param>
            <param index="1">
              <value>
                <![CDATA[secret_sauce]]>
              </value>
            </param>
          </params>
          <reporter-output>
          </reporter-output>
        </test-method> <!-- login -->
        <test-method is-config="true" signature="afterme()[pri:0, instance:FunctionalTesting.Login@3b6ddd1d]" started-at="2023-08-10T16:27:21 SGT" name="afterme" finished-at="2023-08-10T16:27:21 SGT" duration-ms="1" status="PASS">
          <reporter-output>
          </reporter-output>
        </test-method> <!-- afterme -->
        <test-method is-config="true" signature="Base()[pri:0, instance:FunctionalTesting.Login@3b6ddd1d]" started-at="2023-08-10T16:27:21 SGT" name="Base" finished-at="2023-08-10T16:27:23 SGT" duration-ms="1335" status="PASS">
          <reporter-output>
          </reporter-output>
        </test-method> <!-- Base -->
        <test-method signature="login(java.lang.String,java.lang.String)[pri:0, instance:FunctionalTesting.Login@3b6ddd1d]" started-at="2023-08-10T16:27:23 SGT" name="login" data-provider="dataset1" finished-at="2023-08-10T16:27:23 SGT" duration-ms="272" status="PASS">
          <params>
            <param index="0">
              <value>
                <![CDATA[invalid_User]]>
              </value>
            </param>
            <param index="1">
              <value>
                <![CDATA[Invalid_pass]]>
              </value>
            </param>
          </params>
          <reporter-output>
          </reporter-output>
        </test-method> <!-- login -->
        <test-method is-config="true" signature="afterme()[pri:0, instance:FunctionalTesting.Login@3b6ddd1d]" started-at="2023-08-10T16:27:23 SGT" name="afterme" finished-at="2023-08-10T16:27:23 SGT" duration-ms="0" status="PASS">
          <reporter-output>
          </reporter-output>
        </test-method> <!-- afterme -->
      </class> <!-- FunctionalTesting.Login -->
    </test> <!-- Default test -->
  </suite> <!-- Default suite -->
</testng-results>
